[2015.11.16-23.08.00:527][  0]Log file open, 11/16/15 15:08:00
[2015.11.16-23.08.00:527][  0]LogInit:Display: Running engine for game: Elevator
[2015.11.16-23.08.00:527][  0]LogInit:Display: RandInit(85403052) SRandInit(85403053).
[2015.11.16-23.08.00:527][  0]LogTaskGraph: Started task graph with 4 named threads and 7 total threads.
[2015.11.16-23.08.00:527][  0]LogStats: Stats thread started at 0.118231
[2015.11.16-23.08.00:527][  0]LogInit: Version: 4.9.2-2707645+++depot+UE4-Releases+4.9
[2015.11.16-23.08.00:527][  0]LogInit: API Version: 2672455
[2015.11.16-23.08.00:527][  0]LogInit: Compiled (64-bit): Sep 28 2015 10:25:44
[2015.11.16-23.08.00:527][  0]LogInit: Compiled with Visual C++: 18.00.21005.01
[2015.11.16-23.08.00:527][  0]LogInit: Build Configuration: Development
[2015.11.16-23.08.00:527][  0]LogInit: Branch Name: ++depot+UE4-Releases+4.9
[2015.11.16-23.08.00:527][  0]LogInit: Command line:  
[2015.11.16-23.08.00:527][  0]LogInit: Base directory: C:/Program Files/Epic Games/Epic Games/4.9/Engine/Binaries/Win64/
[2015.11.16-23.08.00:527][  0]LogInit: Rocket: 1
[2015.11.16-23.08.00:573][  0]LogInit: Using libcurl 7.41.0
[2015.11.16-23.08.00:573][  0]LogInit:  - built for x86_64-pc-win32
[2015.11.16-23.08.00:573][  0]LogInit:  - supports SSL with WinSSL
[2015.11.16-23.08.00:573][  0]LogInit:  - other features:
[2015.11.16-23.08.00:573][  0]LogInit:      CURL_VERSION_SSL
[2015.11.16-23.08.00:573][  0]LogInit:      CURL_VERSION_IPV6
[2015.11.16-23.08.00:573][  0]LogInit:      CURL_VERSION_ASYNCHDNS
[2015.11.16-23.08.00:573][  0]LogInit:      CURL_VERSION_LARGEFILE
[2015.11.16-23.08.00:573][  0]LogInit:      CURL_VERSION_IDN
[2015.11.16-23.08.00:573][  0]LogInit:  CurlRequestOptions (configurable via config and command line):
[2015.11.16-23.08.00:573][  0]LogInit:  - bVerifyPeer = true  - Libcurl will verify peer certificate
[2015.11.16-23.08.00:573][  0]LogInit:  - bUseHttpProxy = false  - Libcurl will NOT use HTTP proxy
[2015.11.16-23.08.00:573][  0]LogInit:  - bDontReuseConnections = false  - Libcurl will reuse connections
[2015.11.16-23.08.00:573][  0]LogInit:  - CertBundlePath = nullptr  - Libcurl will use whatever was configured at build time.
[2015.11.16-23.08.00:589][  0]LogInit: Presizing for 0 objects not considered by GC, pre-allocating 0 bytes.
[2015.11.16-23.08.00:605][  0]LogInit: Object subsystem initialized
[2015.11.16-23.08.00:605][  0]LogInit: Selected Device Profile: [Windows]
[2015.11.16-23.08.00:605][  0]LogInit: Applying CVar settings loaded from the selected device profile: [Windows]
[2015.11.16-23.08.00:630][  0]LogInit: Computer: KIBERAMOS
[2015.11.16-23.08.00:630][  0]LogInit: User: Sebastian
[2015.11.16-23.08.00:630][  0]LogInit: CPU Page size=4096, Cores=4
[2015.11.16-23.08.00:630][  0]LogInit: High frequency timer resolution =2.533209 MHz
[2015.11.16-23.08.00:630][  0]LogMemory: Memory total: Physical=15.9GB (16GB approx)
[2015.11.16-23.08.00:630][  0]LogMemory: Platform Memory Stats for Windows
[2015.11.16-23.08.00:630][  0]LogMemory: Process Physical Memory: 52.71 MB used, 52.71 MB peak
[2015.11.16-23.08.00:630][  0]LogMemory: Process Virtual Memory: 57.87 MB used, 57.87 MB peak
[2015.11.16-23.08.00:630][  0]LogMemory: Physical Memory: 2039.79 MB used, 16302.92 MB total
[2015.11.16-23.08.00:630][  0]LogMemory: Virtual Memory: 365.51 MB used, 134217728.00 MB total
[2015.11.16-23.08.01:020][  0]LogTextLocalizationManager: No specific translations for ('en-US') exist, so ('en') translations will be used.
[2015.11.16-23.08.02:046][  0]LogD3D11RHI: Found D3D11 adapter 0: NVIDIA GeForce GTX 960M  (Feature Level 11_0)
[2015.11.16-23.08.02:046][  0]LogD3D11RHI: Adapter has 3986MB of dedicated video memory, 0MB of dedicated system memory, and 8151MB of shared system memory, 1 output[s]
[2015.11.16-23.08.02:052][  0]LogD3D11RHI: Found D3D11 adapter 1: Intel(R) HD Graphics 4600 (Feature Level 11_0)
[2015.11.16-23.08.02:052][  0]LogD3D11RHI: Adapter has 0MB of dedicated video memory, 0MB of dedicated system memory, and 1792MB of shared system memory, 0 output[s]
[2015.11.16-23.08.02:053][  0]LogD3D11RHI: Found D3D11 adapter 2: Microsoft Basic Render Driver (Feature Level 11_0)
[2015.11.16-23.08.02:053][  0]LogD3D11RHI: Adapter has 0MB of dedicated video memory, 0MB of dedicated system memory, and 256MB of shared system memory, 0 output[s]
[2015.11.16-23.08.02:053][  0]LogD3D11RHI: Chosen D3D11 Adapter Id = 0
[2015.11.16-23.08.02:057][  0]LogD3D11RHI: !Direct3DDevice
[2015.11.16-23.08.02:057][  0]LogRHI: Texture pool is 1361 MB (70% of 1945 MB)
[2015.11.16-23.08.02:066][  0]LogD3D11RHI: Async texture creation enabled
[2015.11.16-23.08.02:082][  0]LogShaderCompilers: Guid format shader working directory is 15 characters bigger than the processId version (../../../../../../../Users/Sebastian/Desktop/Proyecto/Proyectos/Elevator/Intermediate/Shaders/WorkingDirectory/6096/).
[2015.11.16-23.08.02:082][  0]LogShaderCompilers: Cleaned the shader compiler working directory '../../../../../../../Users/Sebastian/Desktop/Proyecto/Proyectos/Elevator/Intermediate/Shaders/tmp/B115A2CC47D4711869D7958322004133/'.
[2015.11.16-23.08.02:082][  0]LogShaderCompilers:Display: Using Local Shader Compiler.
[2015.11.16-23.08.03:669][  0]LogTemp:Display: Loaded TP AllDesktopTargetPlatform
[2015.11.16-23.08.03:683][  0]LogTemp:Display: Loaded TP WindowsClientTargetPlatform
[2015.11.16-23.08.03:689][  0]LogTemp:Display: Loaded TP WindowsNoEditorTargetPlatform
[2015.11.16-23.08.03:696][  0]LogTemp:Display: Loaded TP WindowsServerTargetPlatform
[2015.11.16-23.08.03:702][  0]LogTemp:Display: Loaded TP WindowsTargetPlatform
[2015.11.16-23.08.03:707][  0]LogTemp:Display: Loaded TP AndroidTargetPlatform
[2015.11.16-23.08.03:711][  0]LogTemp:Display: Loaded TP Android_ASTCTargetPlatform
[2015.11.16-23.08.03:715][  0]LogTemp:Display: Loaded TP Android_ATCTargetPlatform
[2015.11.16-23.08.03:719][  0]LogTemp:Display: Loaded TP Android_DXTTargetPlatform
[2015.11.16-23.08.03:723][  0]LogTemp:Display: Loaded TP Android_ETC1TargetPlatform
[2015.11.16-23.08.03:728][  0]LogTemp:Display: Loaded TP Android_ETC2TargetPlatform
[2015.11.16-23.08.03:732][  0]LogTemp:Display: Loaded TP Android_PVRTCTargetPlatform
[2015.11.16-23.08.03:733][  0]LogTemp:Display: Loaded TP HTML5TargetPlatform
[2015.11.16-23.08.03:760][  0]LogTemp:Display: Loaded TP IOSTargetPlatform
[2015.11.16-23.08.03:764][  0]LogTemp:Display: Loaded TP LinuxNoEditorTargetPlatform
[2015.11.16-23.08.03:767][  0]LogTemp:Display: Loaded TP LinuxServerTargetPlatform
[2015.11.16-23.08.03:774][  0]LogTemp:Display: Loaded TP LinuxTargetPlatform
[2015.11.16-23.08.03:774][  0]LogTargetPlatformManager:Display: Building Assets For Windows
[2015.11.16-23.08.03:955][  0]LogDerivedDataCache:Display: Max Cache Size: 512 MB
[2015.11.16-23.08.04:079][  0]LogDerivedDataCache: Loaded boot cache 0.12s 41MB C:/Users/Sebastian/AppData/Local/UnrealEngine/4.9/DerivedDataCache/Boot.ddc.
[2015.11.16-23.08.04:079][  0]LogDerivedDataCache:Display: Loaded Boot cache: C:/Users/Sebastian/AppData/Local/UnrealEngine/4.9/DerivedDataCache/Boot.ddc
[2015.11.16-23.08.04:079][  0]LogDerivedDataCache: FDerivedDataBackendGraph:  Pak pak cache file ../../../../../../../Users/Sebastian/Desktop/Proyecto/Proyectos/Elevator/DerivedDataCache/DDC.ddp not found, will not use a pak cache.
[2015.11.16-23.08.04:079][  0]LogDerivedDataCache: Unable to find inner node Pak for hierarchical cache Hierarchy.
[2015.11.16-23.08.04:079][  0]LogDerivedDataCache: FDerivedDataBackendGraph:  CompressedPak pak cache file ../../../../../../../Users/Sebastian/Desktop/Proyecto/Proyectos/Elevator/DerivedDataCache/Compressed.ddp not found, will not use a pak cache.
[2015.11.16-23.08.04:079][  0]LogDerivedDataCache: Unable to find inner node CompressedPak for hierarchical cache Hierarchy.
[2015.11.16-23.08.04:217][  0]LogDerivedDataCache:Display: Pak cache opened for reading ../../../Engine/DerivedDataCache/Compressed.ddp.
[2015.11.16-23.08.04:229][  0]LogDerivedDataCache: Using Local data cache path C:/Users/Sebastian/AppData/Local/UnrealEngine/Common/DerivedDataCache: Writable
[2015.11.16-23.08.05:427][  0]LogInit: Selected Device Profile: [Windows]
[2015.11.16-23.08.05:438][  0]LogContentStreaming: Texture pool size is 0.000000MB
[2015.11.16-23.08.05:623][  0]LogMeshUtilities: No automatic mesh reduction module available
[2015.11.16-23.08.05:623][  0]LogMeshUtilities: No automatic mesh merging module available
[2015.11.16-23.08.06:107][  0]LogInit: WinSock: version 1.1 (2.2), MaxSocks=32767, MaxUdp=65467
[2015.11.16-23.08.08:415][  0]UdpMessaging: Initializing bridge on interface 0.0.0.0:0 to multicast group 230.0.0.1:6666.
[2015.11.16-23.08.08:592][  0]LogAssetRegistry: FAssetRegistry took 0.0121 seconds to start up
[2015.11.16-23.08.08:866][  0]SourceControl: Info Source control is disabled
[2015.11.16-23.08.08:939][  0]SourceControl: Info Source control is disabled
[2015.11.16-23.08.08:957][  0]SourceControl: Info Source control is disabled
[2015.11.16-23.08.08:972][  0]SourceControl: Info Source control is disabled
[2015.11.16-23.08.09:201][  0]LogLinker:Warning: Asset '../../../Engine/Plugins/Runtime/LeapMotionController/Content/LM_PassthroughMaterial.uasset' has been saved with empty engine version. The asset will be loaded but may be incompatible.
[2015.11.16-23.08.09:308][  0]LogObj: 28361 objects as part of root set at end of initial load.
[2015.11.16-23.08.09:308][  0]LogUObjectAllocator: 6038872 out of 0 bytes used by permanent object pool.
[2015.11.16-23.08.09:398][  0]LogEngine: Initializing Engine...
[2015.11.16-23.08.09:403][  0]LogHMD: Can't find Oculus library dev build: is proper Runtime installed? Version: 0.7.0.0
[2015.11.16-23.08.09:406][  0]LogHMD: SteamVR failed to initialize.  Err: 110
[2015.11.16-23.08.09:567][  0]LogAIModule: Creating AISystem for world NewWorld
[2015.11.16-23.08.09:580][  0]LogInit: XAudio2 using 'Speakers (Realtek High Definition Audio)' : 2 channels at 48 kHz using 32 bits per sample (channel mask 0x3)
[2015.11.16-23.08.09:611][  0]LogInit: FAudioDevice initialized.
[2015.11.16-23.08.09:629][  0]LogDerivedDataCache: Saved boot cache 0.02s 41MB C:/Users/Sebastian/AppData/Local/UnrealEngine/4.9/DerivedDataCache/Boot.ddc.
[2015.11.16-23.08.09:641][  0]LogInit: Texture streaming: Enabled
[2015.11.16-23.08.09:663][  0]LogAnalytics: Creating configured Analytics provider AnalyticsET
[2015.11.16-23.08.09:666][  0]LogAnalytics: [UEEditor.Rocket.Release] APIServer = http://et2.epicgames.com/ET2/. AppVersion = 4.9.2-2707645+++depot+UE4-Releases+4.9
[2015.11.16-23.08.09:666][  0]LogAnalytics: [UEEditor.Rocket.Release] SetUserId ec739107473fc3481e9e3bac043c9b0a|6c678e834aca4b4c8dfa588e8267074a|8efd7b13-f4d5-41d2-89e5-10f17711cc97
[2015.11.16-23.08.09:671][  0]LogAnalytics: [UEEditor.Rocket.Release] AnalyticsET::StartSession
[2015.11.16-23.08.09:736][  0]LogInit: Transaction tracking system initialized
[2015.11.16-23.08.09:880][  0]BlueprintLog: New page: Editor Load
[2015.11.16-23.08.10:317][  0]LocalizationService: Info Localization service is disabled
[2015.11.16-23.08.10:506][  0]LogConsoleResponse:Display: 
[2015.11.16-23.08.10:722][  0]LogFileCache: Scanning file cache for directory 'C:/Users/Sebastian/Desktop/Proyecto/Proyectos/Elevator/Content/' took 0.01s
[2015.11.16-23.08.10:722][  0]LogCook:Display: Done creating registry. It took  0.00s.
[2015.11.16-23.08.10:870][  0]SourceControl: Info Source control is disabled
[2015.11.16-23.08.10:872][  0]Cmd: MAP LOAD FILE="../../../../../../../Users/Sebastian/Desktop/Proyecto/Proyectos/Elevator/Content/StarterContent/Maps/Minimal_Default.umap" TEMPLATE=0 SHOWPROGRESS=1 FEATURELEVEL=3
[2015.11.16-23.08.10:874][  0]LightingResults: New page: Lighting Build
[2015.11.16-23.08.10:883][  0]MapCheck: New page: Map Check
[2015.11.16-23.08.10:883][  0]LightingResults: New page: Lighting Build
[2015.11.16-23.08.10:902][  0]LogParticles: Destroying 0 GPU particle simulations for FXSystem 0x000000DA85282160
[2015.11.16-23.08.11:701][  0]LogAIModule: Creating AISystem for world Minimal_Default
[2015.11.16-23.08.11:721][  0]LogEditorServer: Finished looking for orphan Actors (0.000 secs)
[2015.11.16-23.08.11:723][  0]Cmd: MAP CHECKDEP NOCLEARLOG
[2015.11.16-23.08.11:772][  0]MapCheck: Info Map check complete: 0 Error(s), 0 Warning(s), took 47.728ms to complete.
[2015.11.16-23.08.11:772][  0]LogFileHelpers: Loading map 'Minimal_Default' took 0.900
[2015.11.16-23.08.11:938][  0]LogCollectionManager: Loaded 0 collections in 0.002954 seconds
[2015.11.16-23.08.11:988][  0]LogFileCache: Scanning file cache for directory 'C:/Users/Sebastian/Desktop/Proyecto/Proyectos/Elevator/Saved/Collections/' took 0.01s
[2015.11.16-23.08.11:988][  0]LogFileCache: Scanning file cache for directory 'C:/Users/Sebastian/Desktop/Proyecto/Proyectos/Elevator/Content/Developers/Sebastian/Collections/' took 0.01s
[2015.11.16-23.08.11:988][  0]LogFileCache: Scanning file cache for directory 'C:/Users/Sebastian/Desktop/Proyecto/Proyectos/Elevator/Content/Collections/' took 0.01s
[2015.11.16-23.08.11:988][  0]LogContentBrowser: Native class hierarchy populated in 0.0075 seconds. Added 1867 classes and 333 folders.
[2015.11.16-23.08.12:000][  0]LogCollectionManager: Rebuilt the GUID cache for 0 collections in 0.000003 seconds
[2015.11.16-23.08.12:012][  0]LogContentBrowser: Native class hierarchy updated for 'WidgetCarousel' in 0.0003 seconds. Added 0 classes and 0 folders.
[2015.11.16-23.08.12:181][  0]LogContentBrowser: Native class hierarchy updated for 'AddContentDialog' in 0.0003 seconds. Added 0 classes and 0 folders.
[2015.11.16-23.08.12:189][  0]LogContentBrowser: Native class hierarchy updated for 'SceneOutliner' in 0.0003 seconds. Added 1 classes and 2 folders.
[2015.11.16-23.08.12:245][  0]LogCrashTracker: Crashtracker disabled due to settings.
[2015.11.16-23.08.12:254][  0]LogUObjectGlobals:Warning: Failed to find object 'Class None.'
[2015.11.16-23.08.12:278][  0]LogLoad: Full Startup: 12.71 seconds (BP compile: 0.13 seconds)
[2015.11.16-23.08.12:701][  0]LogContentStreaming: Texture pool size now 1000 MB
[2015.11.16-23.08.12:841][  0]LogRenderer: Reallocating scene render targets to support 988x568 (Frame:2).
[2015.11.16-23.08.13:704][  3]LogAssetRegistry: Asset discovery search completed in 5.1236 seconds
[2015.11.16-23.08.13:704][  3]LogCollectionManager: Rebuilt the object cache for 0 collections in 0.000000 seconds (found 0 objects)
[2015.11.16-23.08.13:704][  3]LogCollectionManager: Fixed up redirectors for 0 collections in 0.000032 seconds (updated 0 objects)
[2015.11.16-23.08.20:856][605]LogSynthBenchmark:Display: FSynthBenchmark (V0.95):  requested WorkScale=1.00
[2015.11.16-23.08.20:856][605]LogSynthBenchmark:Display: ===============
[2015.11.16-23.08.20:856][605]LogSynthBenchmark:Display: Main Processor:
[2015.11.16-23.08.20:901][605]LogSynthBenchmark:Display:          ... 0.023307 s/Run 'RayIntersect'
[2015.11.16-23.08.20:901][605]LogSynthBenchmark:Display:          ... 0.022095 s/Run 'Fractal'
[2015.11.16-23.08.20:901][605]LogSynthBenchmark:Display: 
[2015.11.16-23.08.20:901][605]LogSynthBenchmark:Display:   CompiledTarget_x_Bits: 64
[2015.11.16-23.08.20:901][605]LogSynthBenchmark:Display:   UE_BUILD_SHIPPING: 0
[2015.11.16-23.08.20:901][605]LogSynthBenchmark:Display:   UE_BUILD_TEST: 0
[2015.11.16-23.08.20:901][605]LogSynthBenchmark:Display:   UE_BUILD_DEBUG: 0
[2015.11.16-23.08.20:901][605]LogSynthBenchmark:Display:   TotalPhysicalGBRam: 16
[2015.11.16-23.08.20:901][605]LogSynthBenchmark:Display:   NumberOfCores (physical): 4
[2015.11.16-23.08.20:901][605]LogSynthBenchmark:Display:   NumberOfCores (logical): 8
[2015.11.16-23.08.20:901][605]LogSynthBenchmark:Display:   CPU Perf Index 0: 109.9
[2015.11.16-23.08.20:901][605]LogSynthBenchmark:Display:   CPU Perf Index 1: 129.4
[2015.11.16-23.08.20:901][605]LogSynthBenchmark:Display:  
[2015.11.16-23.08.20:901][605]LogSynthBenchmark:Display: Graphics:
[2015.11.16-23.08.20:901][605]LogSynthBenchmark:Display:   Adapter Name: 'NVIDIA GeForce GTX 960M '
[2015.11.16-23.08.20:901][605]LogSynthBenchmark:Display:   (On Optimus the name might be wrong, memory should be ok)
[2015.11.16-23.08.20:901][605]LogSynthBenchmark:Display:   Vendor Id: 0x10de
[2015.11.16-23.08.20:901][605]LogSynthBenchmark:Display:   GPU Memory: 3987/0/8152 MB
[2015.11.16-23.08.20:901][605]LogSynthBenchmark:Display:   CPUIndex: 109.9
[2015.11.16-23.08.20:901][605]LogSynthBenchmark:Display:   GPUIndex: -1.$
[2015.11.16-23.08.20:901][605]LogSynthBenchmark:Display: 
[2015.11.16-23.08.20:901][605]LogSynthBenchmark:Display:          ... Total Time: 0.045711 sec
[2015.11.16-23.08.54:583][300]LogBlueprintUserMessages: Early PlayInEditor Detection: Level '/Game/StarterContent/Maps/Minimal_Default.Minimal_Default:PersistentLevel' has LevelScriptBlueprint '/Game/StarterContent/Maps/Minimal_Default.Minimal_Default:PersistentLevel.Minimal_Default' with GeneratedClass '/Game/StarterContent/Maps/Minimal_Default.Minimal_Default_C' with ClassGeneratedBy '/Game/StarterContent/Maps/Minimal_Default.Minimal_Default:PersistentLevel.Minimal_Default'
[2015.11.16-23.08.54:583][300]LogPlayLevel: PlayLevel: No blueprints needed recompiling
[2015.11.16-23.08.54:584][300]PIE: New page: PIE session: Minimal_Default (Nov 16, 2015, 7:08:54 AM)
[2015.11.16-23.08.54:584][300]LogPlayLevel: Creating play world package: /Game/StarterContent/Maps/UEDPIE_0_Minimal_Default
[2015.11.16-23.08.54:598][300]LogPlayLevel: PIE: StaticDuplicateObject took: (0.014366s)
[2015.11.16-23.08.54:600][300]LogAIModule: Creating AISystem for world Minimal_Default
[2015.11.16-23.08.54:600][300]LogPlayLevel: PIE: World Init took: (0.002022s)
[2015.11.16-23.08.54:600][300]LogPlayLevel: PIE: Created PIE world by copying editor world from /Game/StarterContent/Maps/Minimal_Default.Minimal_Default to /Game/StarterContent/Maps/UEDPIE_0_Minimal_Default.Minimal_Default (0.016673s)
[2015.11.16-23.08.54:622][300]LogInit: XAudio2 using 'Speakers (Realtek High Definition Audio)' : 2 channels at 48 kHz using 32 bits per sample (channel mask 0x3)
[2015.11.16-23.08.54:630][300]LogInit: FAudioDevice initialized.
[2015.11.16-23.08.54:678][300]LogWorld: Game class is 'GameMode'
[2015.11.16-23.08.54:684][300]LogWorld: Bringing World /Game/StarterContent/Maps/UEDPIE_0_Minimal_Default.Minimal_Default up for play (max tick rate 0) at 2015.11.16-15.08.54
[2015.11.16-23.08.54:684][300]LogActor:Warning: GameSession /Game/StarterContent/Maps/UEDPIE_0_Minimal_Default.Minimal_Default:PersistentLevel.GameSession_0 has natively added scene component(s), but none of them were set as the actor's RootComponent - picking one arbitrarily
[2015.11.16-23.08.54:685][300]LogActor:Warning: GameNetworkManager /Game/StarterContent/Maps/UEDPIE_0_Minimal_Default.Minimal_Default:PersistentLevel.GameNetworkManager_0 has natively added scene component(s), but none of them were set as the actor's RootComponent - picking one arbitrarily
[2015.11.16-23.08.54:686][300]LogWorld: Bringing up level for play took: 0.006482
[2015.11.16-23.08.54:694][300]PIE: Info Play in editor start time for /Game/StarterContent/Maps/UEDPIE_0_Minimal_Default 0.785
[2015.11.16-23.08.54:694][300]LogBlueprintUserMessages: Late PlayInEditor Detection: Level '/Game/StarterContent/Maps/Minimal_Default.Minimal_Default:PersistentLevel' has LevelScriptBlueprint '/Game/StarterContent/Maps/Minimal_Default.Minimal_Default:PersistentLevel.Minimal_Default' with GeneratedClass '/Game/StarterContent/Maps/Minimal_Default.Minimal_Default_C' with ClassGeneratedBy '/Game/StarterContent/Maps/Minimal_Default.Minimal_Default:PersistentLevel.Minimal_Default'
[2015.11.16-23.09.04:197][357]LogBlueprintUserMessages: Early EndPlayMap Detection: Level '/Game/StarterContent/Maps/Minimal_Default.Minimal_Default:PersistentLevel' has LevelScriptBlueprint '/Game/StarterContent/Maps/Minimal_Default.Minimal_Default:PersistentLevel.Minimal_Default' with GeneratedClass '/Game/StarterContent/Maps/Minimal_Default.Minimal_Default_C' with ClassGeneratedBy '/Game/StarterContent/Maps/Minimal_Default.Minimal_Default:PersistentLevel.Minimal_Default'
[2015.11.16-23.09.04:232][357]LogBlueprintUserMessages: Late EndPlayMap Detection: Level '/Game/StarterContent/Maps/Minimal_Default.Minimal_Default:PersistentLevel' has LevelScriptBlueprint '/Game/StarterContent/Maps/Minimal_Default.Minimal_Default:PersistentLevel.Minimal_Default' with GeneratedClass '/Game/StarterContent/Maps/Minimal_Default.Minimal_Default_C' with ClassGeneratedBy '/Game/StarterContent/Maps/Minimal_Default.Minimal_Default:PersistentLevel.Minimal_Default'
[2015.11.16-23.09.04:245][357]LogParticles: Destroying 0 GPU particle simulations for FXSystem 0x000000DA8B4CA5C0
[2015.11.16-23.09.06:175][560]LogBlueprintUserMessages: Early PlayInEditor Detection: Level '/Game/StarterContent/Maps/Minimal_Default.Minimal_Default:PersistentLevel' has LevelScriptBlueprint '/Game/StarterContent/Maps/Minimal_Default.Minimal_Default:PersistentLevel.Minimal_Default' with GeneratedClass '/Game/StarterContent/Maps/Minimal_Default.Minimal_Default_C' with ClassGeneratedBy '/Game/StarterContent/Maps/Minimal_Default.Minimal_Default:PersistentLevel.Minimal_Default'
[2015.11.16-23.09.06:175][560]LogPlayLevel: PlayLevel: No blueprints needed recompiling
[2015.11.16-23.09.06:175][560]PIE: New page: PIE session: Minimal_Default (Nov 16, 2015, 7:09:06 AM)
[2015.11.16-23.09.06:175][560]LogPlayLevel: Creating play world package: /Game/StarterContent/Maps/UEDPIE_0_Minimal_Default
[2015.11.16-23.09.06:189][560]LogPlayLevel: PIE: StaticDuplicateObject took: (0.013298s)
[2015.11.16-23.09.06:189][560]LogAIModule: Creating AISystem for world Minimal_Default
[2015.11.16-23.09.06:190][560]LogPlayLevel: PIE: World Init took: (0.001001s)
[2015.11.16-23.09.06:190][560]LogPlayLevel: PIE: Created PIE world by copying editor world from /Game/StarterContent/Maps/Minimal_Default.Minimal_Default to /Game/StarterContent/Maps/UEDPIE_0_Minimal_Default.Minimal_Default (0.014520s)
[2015.11.16-23.09.06:201][560]LogInit: XAudio2 using 'Speakers (Realtek High Definition Audio)' : 2 channels at 48 kHz using 32 bits per sample (channel mask 0x3)
[2015.11.16-23.09.06:208][560]LogInit: FAudioDevice initialized.
[2015.11.16-23.09.06:242][560]LogWorld: Game class is 'GameMode'
[2015.11.16-23.09.06:247][560]LogWorld: Bringing World /Game/StarterContent/Maps/UEDPIE_0_Minimal_Default.Minimal_Default up for play (max tick rate 0) at 2015.11.16-15.09.06
[2015.11.16-23.09.06:247][560]LogActor:Warning: GameSession /Game/StarterContent/Maps/UEDPIE_0_Minimal_Default.Minimal_Default:PersistentLevel.GameSession_1 has natively added scene component(s), but none of them were set as the actor's RootComponent - picking one arbitrarily
[2015.11.16-23.09.06:247][560]LogActor:Warning: GameNetworkManager /Game/StarterContent/Maps/UEDPIE_0_Minimal_Default.Minimal_Default:PersistentLevel.GameNetworkManager_1 has natively added scene component(s), but none of them were set as the actor's RootComponent - picking one arbitrarily
[2015.11.16-23.09.06:247][560]LogWorld: Bringing up level for play took: 0.004876
[2015.11.16-23.09.06:249][560]PIE: Info Play in editor start time for /Game/StarterContent/Maps/UEDPIE_0_Minimal_Default 0.34
[2015.11.16-23.09.06:249][560]LogBlueprintUserMessages: Late PlayInEditor Detection: Level '/Game/StarterContent/Maps/Minimal_Default.Minimal_Default:PersistentLevel' has LevelScriptBlueprint '/Game/StarterContent/Maps/Minimal_Default.Minimal_Default:PersistentLevel.Minimal_Default' with GeneratedClass '/Game/StarterContent/Maps/Minimal_Default.Minimal_Default_C' with ClassGeneratedBy '/Game/StarterContent/Maps/Minimal_Default.Minimal_Default:PersistentLevel.Minimal_Default'
[2015.11.16-23.09.10:302][ 14]LogBlueprintUserMessages: Early EndPlayMap Detection: Level '/Game/StarterContent/Maps/Minimal_Default.Minimal_Default:PersistentLevel' has LevelScriptBlueprint '/Game/StarterContent/Maps/Minimal_Default.Minimal_Default:PersistentLevel.Minimal_Default' with GeneratedClass '/Game/StarterContent/Maps/Minimal_Default.Minimal_Default_C' with ClassGeneratedBy '/Game/StarterContent/Maps/Minimal_Default.Minimal_Default:PersistentLevel.Minimal_Default'
[2015.11.16-23.09.10:331][ 14]LogBlueprintUserMessages: Late EndPlayMap Detection: Level '/Game/StarterContent/Maps/Minimal_Default.Minimal_Default:PersistentLevel' has LevelScriptBlueprint '/Game/StarterContent/Maps/Minimal_Default.Minimal_Default:PersistentLevel.Minimal_Default' with GeneratedClass '/Game/StarterContent/Maps/Minimal_Default.Minimal_Default_C' with ClassGeneratedBy '/Game/StarterContent/Maps/Minimal_Default.Minimal_Default:PersistentLevel.Minimal_Default'
[2015.11.16-23.09.10:357][ 15]LogParticles: Destroying 0 GPU particle simulations for FXSystem 0x000000DAF653D440
[2015.11.16-23.09.11:807][162]LogEditorViewport: Clicking on Actor (LMB): StaticMeshActor (Cube4P)
[2015.11.16-23.09.12:569][223]LogEditorViewport: Clicking on Actor (LMB): StaticMeshActor (Cube4P)
[2015.11.16-23.09.16:171][554]LogEditorViewport: Clicking on Actor (LMB): StaticMeshActor (Cube4P)
[2015.11.16-23.09.21:426][ 58]LogEditorViewport: Clicking on Actor (LMB): PlayerStart (Player Start)
[2015.11.16-23.09.24:167][335]LogNavigationPoint: PostEditMove Clear paths rebuilt
[2015.11.16-23.09.30:352][949]LogNavigationPoint: PostEditMove Clear paths rebuilt
[2015.11.16-23.09.31:879][104]LogBlueprintUserMessages: Early PlayInEditor Detection: Level '/Game/StarterContent/Maps/Minimal_Default.Minimal_Default:PersistentLevel' has LevelScriptBlueprint '/Game/StarterContent/Maps/Minimal_Default.Minimal_Default:PersistentLevel.Minimal_Default' with GeneratedClass '/Game/StarterContent/Maps/Minimal_Default.Minimal_Default_C' with ClassGeneratedBy '/Game/StarterContent/Maps/Minimal_Default.Minimal_Default:PersistentLevel.Minimal_Default'
[2015.11.16-23.09.31:879][104]LogPlayLevel: PlayLevel: No blueprints needed recompiling
[2015.11.16-23.09.31:880][104]PIE: New page: PIE session: Minimal_Default (Nov 16, 2015, 7:09:31 AM)
[2015.11.16-23.09.31:880][104]LogPlayLevel: Creating play world package: /Game/StarterContent/Maps/UEDPIE_0_Minimal_Default
[2015.11.16-23.09.31:893][104]LogPlayLevel: PIE: StaticDuplicateObject took: (0.013673s)
[2015.11.16-23.09.31:894][104]LogAIModule: Creating AISystem for world Minimal_Default
[2015.11.16-23.09.31:895][104]LogPlayLevel: PIE: World Init took: (0.001299s)
[2015.11.16-23.09.31:895][104]LogPlayLevel: PIE: Created PIE world by copying editor world from /Game/StarterContent/Maps/Minimal_Default.Minimal_Default to /Game/StarterContent/Maps/UEDPIE_0_Minimal_Default.Minimal_Default (0.015171s)
[2015.11.16-23.09.31:909][104]LogInit: XAudio2 using 'Speakers (Realtek High Definition Audio)' : 2 channels at 48 kHz using 32 bits per sample (channel mask 0x3)
[2015.11.16-23.09.31:915][104]LogInit: FAudioDevice initialized.
[2015.11.16-23.09.31:948][104]LogWorld: Game class is 'GameMode'
[2015.11.16-23.09.31:953][104]LogWorld: Bringing World /Game/StarterContent/Maps/UEDPIE_0_Minimal_Default.Minimal_Default up for play (max tick rate 0) at 2015.11.16-15.09.31
[2015.11.16-23.09.31:953][104]LogActor:Warning: GameSession /Game/StarterContent/Maps/UEDPIE_0_Minimal_Default.Minimal_Default:PersistentLevel.GameSession_2 has natively added scene component(s), but none of them were set as the actor's RootComponent - picking one arbitrarily
[2015.11.16-23.09.31:953][104]LogActor:Warning: GameNetworkManager /Game/StarterContent/Maps/UEDPIE_0_Minimal_Default.Minimal_Default:PersistentLevel.GameNetworkManager_2 has natively added scene component(s), but none of them were set as the actor's RootComponent - picking one arbitrarily
[2015.11.16-23.09.31:954][104]LogWorld: Bringing up level for play took: 0.004800
[2015.11.16-23.09.31:957][104]PIE: Info Play in editor start time for /Game/StarterContent/Maps/UEDPIE_0_Minimal_Default 0.047
[2015.11.16-23.09.31:957][104]LogBlueprintUserMessages: Late PlayInEditor Detection: Level '/Game/StarterContent/Maps/Minimal_Default.Minimal_Default:PersistentLevel' has LevelScriptBlueprint '/Game/StarterContent/Maps/Minimal_Default.Minimal_Default:PersistentLevel.Minimal_Default' with GeneratedClass '/Game/StarterContent/Maps/Minimal_Default.Minimal_Default_C' with ClassGeneratedBy '/Game/StarterContent/Maps/Minimal_Default.Minimal_Default:PersistentLevel.Minimal_Default'
[2015.11.16-23.11.26:011][570]LogBlueprintUserMessages: Early EndPlayMap Detection: